2022-03-07 13:04:48,144 INFO com.mortgage.managerservice.ManagerServiceApplication [restartedMain] Starting ManagerServiceApplication using Java 17.0.1 on LIN66017113 with PID 16200 (C:\STSWorkspace\MortgageProject\manager-service\target\classes started by nkangude in C:\STSWorkspace\MortgageProject\manager-service)
2022-03-07 13:04:48,150 INFO com.mortgage.managerservice.ManagerServiceApplication [restartedMain] No active profile set, falling back to 1 default profile: "default"
2022-03-07 13:04:49,582 INFO org.apache.catalina.core.StandardService [restartedMain] Starting service [Tomcat]
2022-03-07 13:04:49,582 INFO org.apache.catalina.core.StandardEngine [restartedMain] Starting Servlet engine: [Apache Tomcat/9.0.58]
2022-03-07 13:04:49,663 INFO org.apache.catalina.core.ContainerBase.[Tomcat].[localhost].[/manager-service] [restartedMain] Initializing Spring embedded WebApplicationContext
2022-03-07 13:04:49,810 INFO org.hibernate.jpa.internal.util.LogHelper [restartedMain] HHH000204: Processing PersistenceUnitInfo [name: default]
2022-03-07 13:04:49,860 INFO org.hibernate.Version [restartedMain] HHH000412: Hibernate ORM core version 5.6.5.Final
2022-03-07 13:04:50,011 INFO org.hibernate.annotations.common.Version [restartedMain] HCANN000001: Hibernate Commons Annotations {5.1.2.Final}
2022-03-07 13:04:50,095 INFO com.zaxxer.hikari.HikariDataSource [restartedMain] HikariPool-1 - Starting...
2022-03-07 13:04:50,362 INFO com.zaxxer.hikari.HikariDataSource [restartedMain] HikariPool-1 - Start completed.
2022-03-07 13:04:50,392 INFO org.hibernate.dialect.Dialect [restartedMain] HHH000400: Using dialect: org.hibernate.dialect.PostgreSQL10Dialect
2022-03-07 13:04:50,928 INFO org.hibernate.engine.transaction.jta.platform.internal.JtaPlatformInitiator [restartedMain] HHH000490: Using JtaPlatform implementation: [org.hibernate.engine.transaction.jta.platform.internal.NoJtaPlatform]
2022-03-07 13:04:51,904 INFO com.mortgage.managerservice.ManagerServiceApplication [restartedMain] Started ManagerServiceApplication in 4.11 seconds (JVM running for 4.717)
2022-03-07 13:05:33,122 INFO org.apache.catalina.core.ContainerBase.[Tomcat].[localhost].[/manager-service] [http-nio-8000-exec-1] Initializing Spring DispatcherServlet 'dispatcherServlet'
2022-03-07 13:17:13,985 INFO com.zaxxer.hikari.HikariDataSource [Thread-4] HikariPool-1 - Shutdown initiated...
2022-03-07 13:17:13,989 INFO com.zaxxer.hikari.HikariDataSource [Thread-4] HikariPool-1 - Shutdown completed.
2022-03-07 13:17:14,057 INFO com.mortgage.managerservice.ManagerServiceApplication [restartedMain] Starting ManagerServiceApplication using Java 17.0.1 on LIN66017113 with PID 16200 (C:\STSWorkspace\MortgageProject\manager-service\target\classes started by nkangude in C:\STSWorkspace\MortgageProject\manager-service)
2022-03-07 13:17:14,057 INFO com.mortgage.managerservice.ManagerServiceApplication [restartedMain] No active profile set, falling back to 1 default profile: "default"
2022-03-07 13:17:14,341 INFO org.apache.catalina.core.StandardService [restartedMain] Starting service [Tomcat]
2022-03-07 13:17:14,342 INFO org.apache.catalina.core.StandardEngine [restartedMain] Starting Servlet engine: [Apache Tomcat/9.0.58]
2022-03-07 13:17:14,355 INFO org.apache.catalina.core.ContainerBase.[Tomcat].[localhost].[/manager-service] [restartedMain] Initializing Spring embedded WebApplicationContext
2022-03-07 13:17:14,379 INFO org.hibernate.jpa.internal.util.LogHelper [restartedMain] HHH000204: Processing PersistenceUnitInfo [name: default]
2022-03-07 13:17:14,382 INFO com.zaxxer.hikari.HikariDataSource [restartedMain] HikariPool-2 - Starting...
2022-03-07 13:17:14,519 INFO com.zaxxer.hikari.HikariDataSource [restartedMain] HikariPool-2 - Start completed.
2022-03-07 13:17:14,519 INFO org.hibernate.dialect.Dialect [restartedMain] HHH000400: Using dialect: org.hibernate.dialect.PostgreSQL10Dialect
2022-03-07 13:17:14,550 INFO org.hibernate.engine.transaction.jta.platform.internal.JtaPlatformInitiator [restartedMain] HHH000490: Using JtaPlatform implementation: [org.hibernate.engine.transaction.jta.platform.internal.NoJtaPlatform]
2022-03-07 13:17:14,776 INFO com.mortgage.managerservice.ManagerServiceApplication [restartedMain] Started ManagerServiceApplication in 0.74 seconds (JVM running for 747.596)
2022-03-07 13:17:56,807 INFO com.zaxxer.hikari.HikariDataSource [Thread-7] HikariPool-2 - Shutdown initiated...
2022-03-07 13:17:56,808 INFO com.zaxxer.hikari.HikariDataSource [Thread-7] HikariPool-2 - Shutdown completed.
2022-03-07 13:17:56,859 INFO com.mortgage.managerservice.ManagerServiceApplication [restartedMain] Starting ManagerServiceApplication using Java 17.0.1 on LIN66017113 with PID 16200 (C:\STSWorkspace\MortgageProject\manager-service\target\classes started by nkangude in C:\STSWorkspace\MortgageProject\manager-service)
2022-03-07 13:17:56,859 INFO com.mortgage.managerservice.ManagerServiceApplication [restartedMain] No active profile set, falling back to 1 default profile: "default"
2022-03-07 13:17:57,106 INFO org.apache.catalina.core.StandardService [restartedMain] Starting service [Tomcat]
2022-03-07 13:17:57,107 INFO org.apache.catalina.core.StandardEngine [restartedMain] Starting Servlet engine: [Apache Tomcat/9.0.58]
2022-03-07 13:17:57,120 INFO org.apache.catalina.core.ContainerBase.[Tomcat].[localhost].[/manager-service] [restartedMain] Initializing Spring embedded WebApplicationContext
2022-03-07 13:17:57,141 INFO org.hibernate.jpa.internal.util.LogHelper [restartedMain] HHH000204: Processing PersistenceUnitInfo [name: default]
2022-03-07 13:17:57,144 INFO com.zaxxer.hikari.HikariDataSource [restartedMain] HikariPool-3 - Starting...
2022-03-07 13:17:57,251 INFO com.zaxxer.hikari.HikariDataSource [restartedMain] HikariPool-3 - Start completed.
2022-03-07 13:17:57,251 INFO org.hibernate.dialect.Dialect [restartedMain] HHH000400: Using dialect: org.hibernate.dialect.PostgreSQL10Dialect
2022-03-07 13:17:57,275 INFO org.hibernate.engine.transaction.jta.platform.internal.JtaPlatformInitiator [restartedMain] HHH000490: Using JtaPlatform implementation: [org.hibernate.engine.transaction.jta.platform.internal.NoJtaPlatform]
2022-03-07 13:17:57,474 INFO com.mortgage.managerservice.ManagerServiceApplication [restartedMain] Started ManagerServiceApplication in 0.631 seconds (JVM running for 790.295)
2022-03-07 13:18:18,022 INFO com.zaxxer.hikari.HikariDataSource [Thread-11] HikariPool-3 - Shutdown initiated...
2022-03-07 13:18:18,024 INFO com.zaxxer.hikari.HikariDataSource [Thread-11] HikariPool-3 - Shutdown completed.
2022-03-07 13:18:18,078 INFO com.mortgage.managerservice.ManagerServiceApplication [restartedMain] Starting ManagerServiceApplication using Java 17.0.1 on LIN66017113 with PID 16200 (C:\STSWorkspace\MortgageProject\manager-service\target\classes started by nkangude in C:\STSWorkspace\MortgageProject\manager-service)
2022-03-07 13:18:18,078 INFO com.mortgage.managerservice.ManagerServiceApplication [restartedMain] No active profile set, falling back to 1 default profile: "default"
2022-03-07 13:18:18,333 INFO org.apache.catalina.core.StandardService [restartedMain] Starting service [Tomcat]
2022-03-07 13:18:18,333 INFO org.apache.catalina.core.StandardEngine [restartedMain] Starting Servlet engine: [Apache Tomcat/9.0.58]
2022-03-07 13:18:18,346 INFO org.apache.catalina.core.ContainerBase.[Tomcat].[localhost].[/manager-service] [restartedMain] Initializing Spring embedded WebApplicationContext
2022-03-07 13:18:18,368 INFO org.hibernate.jpa.internal.util.LogHelper [restartedMain] HHH000204: Processing PersistenceUnitInfo [name: default]
2022-03-07 13:18:18,370 INFO com.zaxxer.hikari.HikariDataSource [restartedMain] HikariPool-4 - Starting...
2022-03-07 13:18:18,481 INFO com.zaxxer.hikari.HikariDataSource [restartedMain] HikariPool-4 - Start completed.
2022-03-07 13:18:18,481 INFO org.hibernate.dialect.Dialect [restartedMain] HHH000400: Using dialect: org.hibernate.dialect.PostgreSQL10Dialect
2022-03-07 13:18:18,505 INFO org.hibernate.engine.transaction.jta.platform.internal.JtaPlatformInitiator [restartedMain] HHH000490: Using JtaPlatform implementation: [org.hibernate.engine.transaction.jta.platform.internal.NoJtaPlatform]
2022-03-07 13:18:18,683 INFO com.mortgage.managerservice.ManagerServiceApplication [restartedMain] Started ManagerServiceApplication in 0.622 seconds (JVM running for 811.504)
2022-03-07 13:18:24,134 INFO org.apache.catalina.core.ContainerBase.[Tomcat].[localhost].[/manager-service] [http-nio-8000-exec-1] Initializing Spring DispatcherServlet 'dispatcherServlet'
2022-03-07 13:33:57,142 INFO com.zaxxer.hikari.HikariDataSource [RMI TCP Connection(31)-127.0.0.1] HikariPool-4 - Shutdown initiated...
2022-03-07 13:33:57,144 INFO com.zaxxer.hikari.HikariDataSource [RMI TCP Connection(31)-127.0.0.1] HikariPool-4 - Shutdown completed.
